# JRE version: OpenJDK Runtime Environment Temurin-17.0.4.1+1 (17.0.4.1+1) (build 17.0.4.1+1)
# Java VM: OpenJDK 64-Bit Server VM Temurin-17.0.4.1+1 (17.0.4.1+1, mixed mode, sharing, tiered, compressed oops, compressed class ptrs, g1 gc, linux-amd64)
GC Precious Log:
 CPUs: 6 total, 6 available
 Memory: 12170M
 Large Page Support: Disabled
 NUMA Support: Disabled
 Compressed Oops: Enabled (Zero based)
 Heap Region Size: 2M
 Heap Min Capacity: 8M
 Heap Initial Capacity: 192M
 Heap Max Capacity: 3044M
 Pre-touch: Disabled
 Parallel Workers: 6
 Concurrent Workers: 2
 Concurrent Refinement Workers: 6
 Periodic GC: Disabled
Heap:
 garbage-first heap   total 169984K, used 53981K [0x0000000741c00000, 0x0000000800000000)
  region size 2048K, 9 young (18432K), 6 survivors (12288K)
 Metaspace       used 78621K, committed 79104K, reserved 1122304K
  class space    used 10380K, committed 10624K, reserved 1048576K
GC Heap History (20 events):
Event: 2,229 GC heap before
{Heap before GC invocations=9 (full 0):
 garbage-first heap   total 69632K, used 42761K [0x0000000741c00000, 0x0000000800000000)
  region size 2048K, 13 young (26624K), 1 survivors (2048K)
 Metaspace       used 47623K, committed 47936K, reserved 1097728K
  class space    used 5956K, committed 6080K, reserved 1048576K
}
Event: 2,230 GC heap after
{Heap after GC invocations=10 (full 0):
 garbage-first heap   total 69632K, used 20631K [0x0000000741c00000, 0x0000000800000000)
  region size 2048K, 1 young (2048K), 1 survivors (2048K)
 Metaspace       used 47623K, committed 47936K, reserved 1097728K
  class space    used 5956K, committed 6080K, reserved 1048576K
}
Event: 2,458 GC heap before
{Heap before GC invocations=10 (full 0):
 garbage-first heap   total 69632K, used 45207K [0x0000000741c00000, 0x0000000800000000)
  region size 2048K, 14 young (28672K), 1 survivors (2048K)
 Metaspace       used 52218K, committed 52544K, reserved 1097728K
  class space    used 6628K, committed 6784K, reserved 1048576K
}
Event: 2,460 GC heap after
{Heap after GC invocations=11 (full 0):
 garbage-first heap   total 69632K, used 22032K [0x0000000741c00000, 0x0000000800000000)
  region size 2048K, 2 young (4096K), 2 survivors (4096K)
 Metaspace       used 52218K, committed 52544K, reserved 1097728K
  class space    used 6628K, committed 6784K, reserved 1048576K
}
Event: 2,471 GC heap before
{Heap before GC invocations=11 (full 0):
 garbage-first heap   total 69632K, used 46608K [0x0000000741c00000, 0x0000000800000000)
  region size 2048K, 15 young (30720K), 2 survivors (4096K)
 Metaspace       used 52269K, committed 52608K, reserved 1097728K
  class space    used 6628K, committed 6784K, reserved 1048576K
}
Event: 2,473 GC heap after
{Heap after GC invocations=12 (full 0):
 garbage-first heap   total 69632K, used 22129K [0x0000000741c00000, 0x0000000800000000)
  region size 2048K, 1 young (2048K), 1 survivors (2048K)
 Metaspace       used 52269K, committed 52608K, reserved 1097728K
  class space    used 6628K, committed 6784K, reserved 1048576K
}
Event: 2,483 GC heap before
{Heap before GC invocations=12 (full 0):
 garbage-first heap   total 69632K, used 48753K [0x0000000741c00000, 0x0000000800000000)
  region size 2048K, 15 young (30720K), 1 survivors (2048K)
 Metaspace       used 52354K, committed 52672K, reserved 1097728K
  class space    used 6639K, committed 6784K, reserved 1048576K
}
Event: 2,484 GC heap after
{Heap after GC invocations=13 (full 0):
 garbage-first heap   total 122880K, used 22375K [0x0000000741c00000, 0x0000000800000000)
  region size 2048K, 2 young (4096K), 2 survivors (4096K)
 Metaspace       used 52354K, committed 52672K, reserved 1097728K
  class space    used 6639K, committed 6784K, reserved 1048576K
}
Event: 2,520 GC heap before
{Heap before GC invocations=13 (full 0):
 garbage-first heap   total 122880K, used 87911K [0x0000000741c00000, 0x0000000800000000)
  region size 2048K, 35 young (71680K), 2 survivors (4096K)
 Metaspace       used 52906K, committed 53248K, reserved 1097728K
  class space    used 6741K, committed 6912K, reserved 1048576K
}
Event: 2,521 GC heap after
{Heap after GC invocations=14 (full 0):
 garbage-first heap   total 122880K, used 22710K [0x0000000741c00000, 0x0000000800000000)
  region size 2048K, 2 young (4096K), 2 survivors (4096K)
 Metaspace       used 52906K, committed 53248K, reserved 1097728K
  class space    used 6741K, committed 6912K, reserved 1048576K
}
Event: 2,564 GC heap before
{Heap before GC invocations=14 (full 0):
 garbage-first heap   total 122880K, used 90294K [0x0000000741c00000, 0x0000000800000000)
  region size 2048K, 36 young (73728K), 2 survivors (4096K)
 Metaspace       used 53184K, committed 53568K, reserved 1097728K
  class space    used 6766K, committed 6976K, reserved 1048576K
}
Event: 2,566 GC heap after
{Heap after GC invocations=15 (full 0):
 garbage-first heap   total 122880K, used 23543K [0x0000000741c00000, 0x0000000800000000)
  region size 2048K, 2 young (4096K), 2 survivors (4096K)
 Metaspace       used 53184K, committed 53568K, reserved 1097728K
  class space    used 6766K, committed 6976K, reserved 1048576K
}
Event: 3,162 GC heap before
{Heap before GC invocations=15 (full 0):
 garbage-first heap   total 122880K, used 52215K [0x0000000741c00000, 0x0000000800000000)
  region size 2048K, 18 young (36864K), 2 survivors (4096K)
 Metaspace       used 60365K, committed 60736K, reserved 1105920K
  class space    used 7658K, committed 7872K, reserved 1048576K
}
Event: 3,166 GC heap after
{Heap after GC invocations=16 (full 0):
 garbage-first heap   total 122880K, used 28223K [0x0000000741c00000, 0x0000000800000000)
  region size 2048K, 4 young (8192K), 4 survivors (8192K)
 Metaspace       used 60365K, committed 60736K, reserved 1105920K
  class space    used 7658K, committed 7872K, reserved 1048576K
}
Event: 5,401 GC heap before
{Heap before GC invocations=17 (full 0):
 garbage-first heap   total 110592K, used 85567K [0x0000000741c00000, 0x0000000800000000)
  region size 2048K, 32 young (65536K), 4 survivors (8192K)
 Metaspace       used 69380K, committed 69824K, reserved 1114112K
  class space    used 8788K, committed 9024K, reserved 1048576K
}
Event: 5,408 GC heap after
{Heap after GC invocations=18 (full 0):
 garbage-first heap   total 169984K, used 34069K [0x0000000741c00000, 0x0000000800000000)
  region size 2048K, 3 young (6144K), 3 survivors (6144K)
 Metaspace       used 69380K, committed 69824K, reserved 1114112K
  class space    used 8788K, committed 9024K, reserved 1048576K
}
Event: 5,438 GC heap before
{Heap before GC invocations=18 (full 0):
 garbage-first heap   total 169984K, used 36117K [0x0000000741c00000, 0x0000000800000000)
  region size 2048K, 4 young (8192K), 3 survivors (6144K)
 Metaspace       used 69680K, committed 70144K, reserved 1114112K
  class space    used 8825K, committed 9024K, reserved 1048576K
}
Event: 5,441 GC heap after
{Heap after GC invocations=19 (full 0):
 garbage-first heap   total 169984K, used 33951K [0x0000000741c00000, 0x0000000800000000)
  region size 2048K, 1 young (2048K), 1 survivors (2048K)
 Metaspace       used 69680K, committed 70144K, reserved 1114112K
  class space    used 8825K, committed 9024K, reserved 1048576K
}
Event: 11,341 GC heap before
{Heap before GC invocations=19 (full 0):
 garbage-first heap   total 169984K, used 128159K [0x0000000741c00000, 0x0000000800000000)
  region size 2048K, 47 young (96256K), 1 survivors (2048K)
 Metaspace       used 78495K, committed 78976K, reserved 1122304K
  class space    used 10379K, committed 10624K, reserved 1048576K
}
Event: 11,346 GC heap after
{Heap after GC invocations=20 (full 0):
 garbage-first heap   total 169984K, used 47837K [0x0000000741c00000, 0x0000000800000000)
  region size 2048K, 6 young (12288K), 6 survivors (12288K)
 Metaspace       used 78495K, committed 78976K, reserved 1122304K
  class space    used 10379K, committed 10624K, reserved 1048576K
}

